\BOOKMARK [1][-]{Section.0.Introduction.1}{Introduction}{}% 1
\BOOKMARK [2][-]{Subsection.1.0.Quasi-likelihood approach.2}{Quasi-likelihood approach}{Section.0.Introduction.1}% 2
\BOOKMARK [2][-]{Subsection.1.1.Background on black box optimization.2}{Background on black box optimization}{Section.0.Introduction.1}% 3
\BOOKMARK [2][-]{Subsection.1.2.Main contribution.2}{Main contribution}{Section.0.Introduction.1}% 4
\BOOKMARK [1][-]{Section.1.Basic quasi-likelihood theory.1}{Basic quasi-likelihood theory}{}% 5
\BOOKMARK [1][-]{Section.2.Simulated quasi-likelihood estimation method.1}{Simulated quasi-likelihood estimation method}{}% 6
\BOOKMARK [2][-]{Subsection.3.0.Algorithmic overview.2}{Algorithmic overview}{Section.2.Simulated quasi-likelihood estimation method.1}% 7
\BOOKMARK [2][-]{Subsection.3.1.Approximately solving the quasi-score equation.2}{Approximately solving the quasi-score equation}{Section.2.Simulated quasi-likelihood estimation method.1}% 8
\BOOKMARK [2][-]{Subsection.3.2.Estimating the error of the quasi-score approximation.2}{Estimating the error of the quasi-score approximation}{Section.2.Simulated quasi-likelihood estimation method.1}% 9
\BOOKMARK [2][-]{Subsection.3.3.Termination conditions.2}{Termination conditions}{Section.2.Simulated quasi-likelihood estimation method.1}% 10
\BOOKMARK [1][-]{Section.3.Extensions and modifications.1}{Extensions and modifications}{}% 11
\BOOKMARK [2][-]{Subsection.4.0.Select local evaluation points.2}{Select local evaluation points}{Section.3.Extensions and modifications.1}% 12
\BOOKMARK [2][-]{Subsection.4.1.Select global evaluation points.2}{Select global evaluation points}{Section.3.Extensions and modifications.1}% 13
\BOOKMARK [2][-]{Subsection.4.2.Variance matrix estimation.2}{Variance matrix estimation}{Section.3.Extensions and modifications.1}% 14
\BOOKMARK [2][-]{Subsection.4.3.Alternative estimation of prediction errors.2}{Alternative estimation of prediction errors}{Section.3.Extensions and modifications.1}% 15
\BOOKMARK [2][-]{Subsection.4.4.Initial design validation.2}{Initial design validation}{Section.3.Extensions and modifications.1}% 16
\BOOKMARK [2][-]{Subsection.4.5.Numerical consistency of solutions.2}{Numerical consistency of solutions}{Section.3.Extensions and modifications.1}% 17
\BOOKMARK [2][-]{Subsection.4.6.Monte Carlo hypothesis testing.2}{Monte Carlo hypothesis testing}{Section.3.Extensions and modifications.1}% 18
\BOOKMARK [1][-]{Section.4.Estimation with qle in R.1}{Estimation with qle in R}{}% 19
\BOOKMARK [2][-]{Subsection.5.0.Main functions.2}{Main functions}{Section.4.Estimation with qle in R.1}% 20
\BOOKMARK [2][-]{Subsection.5.1.M/M/1 queue.2}{M/M/1 queue}{Section.4.Estimation with qle in R.1}% 21
\BOOKMARK [2][-]{Subsection.5.2.Estimating the parameters of a normal distribution.2}{Estimating the parameters of a normal distribution}{Section.4.Estimation with qle in R.1}% 22
\BOOKMARK [2][-]{Subsection.5.3.Fitting a Mat\'{e}rn cluster point process model.2}{Fitting a Mat\351rn cluster point process model}{Section.4.Estimation with qle in R.1}% 23
\BOOKMARK [1][-]{Section.5.Conclusion.1}{Conclusion}{}% 24
\BOOKMARK [1][-]{Section.6.Computational details.1}{Computational details}{}% 25
